<?xml version="1.0" encoding="UTF-8"?>
<testsuite xmlns:xsi="http://www.w3.org/2001/XMLSchema-instance" xsi:noNamespaceSchemaLocation="https://maven.apache.org/surefire/maven-surefire-plugin/xsd/surefire-test-report-3.0.xsd" version="3.0" name="com.fidelidad.service.ClienteServiceTest" time="0.069" tests="5" errors="0" skipped="0" failures="0">
  <properties>
[...]
</properties>
  <testcase name="testListarClientes" classname="com.fidelidad.service.ClienteServiceTest" time="0.036"/>
  <testcase name="testEliminarCliente" classname="com.fidelidad.service.ClienteServiceTest" time="0"/>
  <testcase name="testAgregarClienteCorreoInvalido" classname="com.fidelidad.service.ClienteServiceTest" time="0.007"/>
  <testcase name="testAgregarClienteValido" classname="com.fidelidad.service.ClienteServiceTest" time="0.001"/>
  <testcase name="testActualizarCliente" classname="com.fidelidad.service.ClienteServiceTest" time="0"/>
</testsuite>